<?xml version="1.0" encoding="UTF-8"?>
<!-- Generated by org.testng.reporters.JUnitReportReporter -->
<testsuite skipped="0" hostname="Abids-MacBook-Air.local" name="com.test.NewTest" tests="1" failures="0" timestamp="2022-01-06T16:51:41 IST" time="6.727" errors="0">
  <testcase name="f" time="6.727" classname="com.test.NewTest"/>
  <system-out/>
</testsuite> <!-- com.test.NewTest -->
