<?xml version="1.0" encoding="UTF-8"?>
<!-- Generated by org.testng.reporters.JUnitReportReporter -->
<testsuite hostname="Abids-MacBook-Air.local" failures="0" tests="1" name="com.test.NewTest" time="1.885" errors="0" timestamp="2022-01-06T12:50:49 IST" skipped="0">
  <testcase classname="com.test.NewTest" name="f" time="1.885"/>
  <system-out/>
</testsuite> <!-- com.test.NewTest -->
